<?xml version="1.0" encoding="UTF-8"?>
<coverage generated="1559317319493" clover="3.2.0">
  <project timestamp="1559317319494" name="All files">
    <metrics statements="88" coveredstatements="73" conditionals="44" coveredconditionals="30" methods="18" coveredmethods="15" elements="150" coveredelements="118" complexity="0" loc="88" ncloc="88" packages="1" files="2" classes="2"/>
    <file name="index.js" path="/Users/ajayg/Projects/playlist/index.js">
      <metrics statements="57" coveredstatements="42" conditionals="34" coveredconditionals="20" methods="13" coveredmethods="10"/>
      <line num="1" count="3" type="stmt"/>
      <line num="3" count="3" type="stmt"/>
      <line num="12" count="28" type="cond" truecount="2" falsecount="0"/>
      <line num="13" count="28" type="stmt"/>
      <line num="15" count="28" type="stmt"/>
      <line num="16" count="28" type="stmt"/>
      <line num="17" count="28" type="stmt"/>
      <line num="18" count="28" type="stmt"/>
      <line num="20" count="28" type="stmt"/>
      <line num="21" count="28" type="stmt"/>
      <line num="25" count="3" type="stmt"/>
      <line num="26" count="13" type="cond" truecount="2" falsecount="0"/>
      <line num="29" count="3" type="stmt"/>
      <line num="30" count="14" type="cond" truecount="2" falsecount="0"/>
      <line num="31" count="3" type="stmt"/>
      <line num="33" count="11" type="stmt"/>
      <line num="34" count="11" type="stmt"/>
      <line num="38" count="3" type="stmt"/>
      <line num="39" count="14" type="cond" truecount="2" falsecount="0"/>
      <line num="40" count="6" type="stmt"/>
      <line num="42" count="8" type="stmt"/>
      <line num="43" count="8" type="stmt"/>
      <line num="47" count="3" type="stmt"/>
      <line num="48" count="9" type="cond" truecount="2" falsecount="0"/>
      <line num="49" count="4" type="stmt"/>
      <line num="51" count="26" type="stmt"/>
      <line num="52" count="26" type="stmt"/>
      <line num="53" count="26" type="stmt"/>
      <line num="54" count="5" type="stmt"/>
      <line num="58" count="3" type="stmt"/>
      <line num="59" count="3" type="cond" truecount="1" falsecount="1"/>
      <line num="60" count="3" type="cond" truecount="2" falsecount="0"/>
      <line num="63" count="3" type="stmt"/>
      <line num="64" count="0" type="cond" truecount="0" falsecount="2"/>
      <line num="67" count="3" type="stmt"/>
      <line num="68" count="12" type="cond" truecount="4" falsecount="0"/>
      <line num="69" count="12" type="cond" truecount="2" falsecount="0"/>
      <line num="70" count="2" type="cond" truecount="1" falsecount="1"/>
      <line num="72" count="0" type="cond" truecount="0" falsecount="2"/>
      <line num="74" count="0" type="stmt"/>
      <line num="75" count="0" type="stmt"/>
      <line num="77" count="0" type="stmt"/>
      <line num="80" count="0" type="stmt"/>
      <line num="84" count="2" type="stmt"/>
      <line num="89" count="10" type="stmt"/>
      <line num="92" count="3" type="stmt"/>
      <line num="93" count="0" type="cond" truecount="0" falsecount="2"/>
      <line num="94" count="0" type="cond" truecount="0" falsecount="2"/>
      <line num="95" count="0" type="stmt"/>
      <line num="97" count="0" type="stmt"/>
      <line num="98" count="0" type="cond" truecount="0" falsecount="2"/>
      <line num="99" count="0" type="stmt"/>
      <line num="102" count="3" type="stmt"/>
      <line num="103" count="0" type="cond" truecount="0" falsecount="2"/>
      <line num="104" count="0" type="stmt"/>
      <line num="105" count="0" type="stmt"/>
      <line num="108" count="3" type="stmt"/>
    </file>
    <file name="util.js" path="/Users/ajayg/Projects/playlist/util.js">
      <metrics statements="31" coveredstatements="31" conditionals="10" coveredconditionals="10" methods="5" coveredmethods="5"/>
      <line num="2" count="4" type="stmt"/>
      <line num="3" count="5" type="stmt"/>
      <line num="4" count="5" type="stmt"/>
      <line num="5" count="76" type="stmt"/>
      <line num="6" count="76" type="stmt"/>
      <line num="7" count="76" type="stmt"/>
      <line num="8" count="76" type="stmt"/>
      <line num="10" count="5" type="stmt"/>
      <line num="13" count="4" type="stmt"/>
      <line num="14" count="14" type="stmt"/>
      <line num="15" count="14" type="stmt"/>
      <line num="16" count="20" type="stmt"/>
      <line num="17" count="14" type="stmt"/>
      <line num="20" count="4" type="stmt"/>
      <line num="21" count="562" type="cond" truecount="2" falsecount="0"/>
      <line num="22" count="104" type="cond" truecount="2" falsecount="0"/>
      <line num="23" count="1" type="stmt"/>
      <line num="24" count="103" type="cond" truecount="2" falsecount="0"/>
      <line num="25" count="1" type="stmt"/>
      <line num="27" count="102" type="stmt"/>
      <line num="28" count="190" type="stmt"/>
      <line num="29" count="102" type="stmt"/>
      <line num="32" count="458" type="stmt"/>
      <line num="35" count="4" type="stmt"/>
      <line num="36" count="116" type="cond" truecount="2" falsecount="0"/>
      <line num="38" count="113" type="cond" truecount="2" falsecount="0"/>
      <line num="39" count="113" type="stmt"/>
      <line num="40" count="113" type="stmt"/>
      <line num="41" count="368" type="stmt"/>
      <line num="43" count="113" type="stmt"/>
      <line num="45" count="4" type="stmt"/>
    </file>
  </project>
</coverage>
