{"/Users/ajayg/Projects/playlist/index.js": {"path":"/Users/ajayg/Projects/playlist/index.js","statementMap":{"0":{"start":{"line":1,"column":13},"end":{"line":1,"column":30}},"1":{"start":{"line":3,"column":17},"end":{"line":9,"column":1}},"2":{"start":{"line":12,"column":15},"end":{"line":12,"column":57}},"3":{"start":{"line":13,"column":2},"end":{"line":13,"column":38}},"4":{"start":{"line":15,"column":2},"end":{"line":15,"column":38}},"5":{"start":{"line":16,"column":2},"end":{"line":16,"column":54}},"6":{"start":{"line":17,"column":2},"end":{"line":17,"column":20}},"7":{"start":{"line":18,"column":2},"end":{"line":18,"column":38}},"8":{"start":{"line":20,"column":2},"end":{"line":20,"column":30}},"9":{"start":{"line":21,"column":2},"end":{"line":21,"column":28}},"10":{"start":{"line":25,"column":0},"end":{"line":27,"column":1}},"11":{"start":{"line":26,"column":2},"end":{"line":26,"column":76}},"12":{"start":{"line":29,"column":0},"end":{"line":36,"column":1}},"13":{"start":{"line":30,"column":2},"end":{"line":35,"column":3}},"14":{"start":{"line":31,"column":4},"end":{"line":31,"column":47}},"15":{"start":{"line":33,"column":4},"end":{"line":33,"column":35}},"16":{"start":{"line":34,"column":4},"end":{"line":34,"column":33}},"17":{"start":{"line":38,"column":0},"end":{"line":45,"column":1}},"18":{"start":{"line":39,"column":2},"end":{"line":44,"column":3}},"19":{"start":{"line":40,"column":4},"end":{"line":40,"column":47}},"20":{"start":{"line":42,"column":4},"end":{"line":42,"column":54}},"21":{"start":{"line":43,"column":4},"end":{"line":43,"column":54}},"22":{"start":{"line":47,"column":0},"end":{"line":56,"column":1}},"23":{"start":{"line":48,"column":2},"end":{"line":55,"column":3}},"24":{"start":{"line":49,"column":4},"end":{"line":49,"column":57}},"25":{"start":{"line":51,"column":19},"end":{"line":51,"column":61}},"26":{"start":{"line":51,"column":42},"end":{"line":51,"column":60}},"27":{"start":{"line":52,"column":4},"end":{"line":52,"column":61}},"28":{"start":{"line":52,"column":40},"end":{"line":52,"column":59}},"29":{"start":{"line":53,"column":4},"end":{"line":53,"column":61}},"30":{"start":{"line":53,"column":40},"end":{"line":53,"column":59}},"31":{"start":{"line":54,"column":4},"end":{"line":54,"column":18}},"32":{"start":{"line":58,"column":0},"end":{"line":61,"column":1}},"33":{"start":{"line":59,"column":2},"end":{"line":59,"column":57}},"34":{"start":{"line":60,"column":2},"end":{"line":60,"column":49}},"35":{"start":{"line":60,"column":20},"end":{"line":60,"column":49}},"36":{"start":{"line":63,"column":0},"end":{"line":65,"column":1}},"37":{"start":{"line":64,"column":2},"end":{"line":64,"column":55}},"38":{"start":{"line":67,"column":0},"end":{"line":90,"column":1}},"39":{"start":{"line":68,"column":14},"end":{"line":68,"column":86}},"40":{"start":{"line":69,"column":2},"end":{"line":86,"column":3}},"41":{"start":{"line":70,"column":4},"end":{"line":85,"column":5}},"42":{"start":{"line":72,"column":6},"end":{"line":81,"column":7}},"43":{"start":{"line":74,"column":8},"end":{"line":76,"column":9}},"44":{"start":{"line":75,"column":10},"end":{"line":75,"column":58}},"45":{"start":{"line":77,"column":8},"end":{"line":77,"column":43}},"46":{"start":{"line":80,"column":8},"end":{"line":80,"column":38}},"47":{"start":{"line":84,"column":6},"end":{"line":84,"column":41}},"48":{"start":{"line":89,"column":2},"end":{"line":89,"column":32}},"49":{"start":{"line":92,"column":0},"end":{"line":100,"column":1}},"50":{"start":{"line":93,"column":2},"end":{"line":96,"column":3}},"51":{"start":{"line":94,"column":4},"end":{"line":95,"column":34}},"52":{"start":{"line":94,"column":21},"end":{"line":94,"column":50}},"53":{"start":{"line":95,"column":21},"end":{"line":95,"column":34}},"54":{"start":{"line":97,"column":2},"end":{"line":97,"column":43}},"55":{"start":{"line":98,"column":2},"end":{"line":98,"column":65}},"56":{"start":{"line":98,"column":46},"end":{"line":98,"column":65}},"57":{"start":{"line":99,"column":2},"end":{"line":99,"column":14}},"58":{"start":{"line":102,"column":0},"end":{"line":106,"column":1}},"59":{"start":{"line":103,"column":2},"end":{"line":103,"column":41}},"60":{"start":{"line":103,"column":28},"end":{"line":103,"column":41}},"61":{"start":{"line":104,"column":2},"end":{"line":104,"column":43}},"62":{"start":{"line":105,"column":2},"end":{"line":105,"column":14}},"63":{"start":{"line":108,"column":0},"end":{"line":108,"column":26}}},"fnMap":{"0":{"name":"Playlist","decl":{"start":{"line":11,"column":9},"end":{"line":11,"column":17}},"loc":{"start":{"line":11,"column":24},"end":{"line":22,"column":1}},"line":11},"1":{"name":"(anonymous_1)","decl":{"start":{"line":25,"column":30},"end":{"line":25,"column":31}},"loc":{"start":{"line":25,"column":41},"end":{"line":27,"column":1}},"line":25},"2":{"name":"(anonymous_2)","decl":{"start":{"line":29,"column":30},"end":{"line":29,"column":31}},"loc":{"start":{"line":29,"column":46},"end":{"line":36,"column":1}},"line":29},"3":{"name":"(anonymous_3)","decl":{"start":{"line":38,"column":30},"end":{"line":38,"column":31}},"loc":{"start":{"line":38,"column":46},"end":{"line":45,"column":1}},"line":38},"4":{"name":"(anonymous_4)","decl":{"start":{"line":47,"column":33},"end":{"line":47,"column":34}},"loc":{"start":{"line":47,"column":47},"end":{"line":56,"column":1}},"line":47},"5":{"name":"(anonymous_5)","decl":{"start":{"line":51,"column":37},"end":{"line":51,"column":38}},"loc":{"start":{"line":51,"column":42},"end":{"line":51,"column":60}},"line":51},"6":{"name":"(anonymous_6)","decl":{"start":{"line":52,"column":35},"end":{"line":52,"column":36}},"loc":{"start":{"line":52,"column":40},"end":{"line":52,"column":59}},"line":52},"7":{"name":"(anonymous_7)","decl":{"start":{"line":53,"column":35},"end":{"line":53,"column":36}},"loc":{"start":{"line":53,"column":40},"end":{"line":53,"column":59}},"line":53},"8":{"name":"(anonymous_8)","decl":{"start":{"line":58,"column":35},"end":{"line":58,"column":36}},"loc":{"start":{"line":58,"column":49},"end":{"line":61,"column":1}},"line":58},"9":{"name":"(anonymous_9)","decl":{"start":{"line":63,"column":34},"end":{"line":63,"column":35}},"loc":{"start":{"line":63,"column":48},"end":{"line":65,"column":1}},"line":63},"10":{"name":"(anonymous_10)","decl":{"start":{"line":67,"column":30},"end":{"line":67,"column":31}},"loc":{"start":{"line":67,"column":44},"end":{"line":90,"column":1}},"line":67},"11":{"name":"(anonymous_11)","decl":{"start":{"line":92,"column":26},"end":{"line":92,"column":27}},"loc":{"start":{"line":92,"column":37},"end":{"line":100,"column":1}},"line":92},"12":{"name":"(anonymous_12)","decl":{"start":{"line":102,"column":26},"end":{"line":102,"column":27}},"loc":{"start":{"line":102,"column":37},"end":{"line":106,"column":1}},"line":102}},"branchMap":{"0":{"loc":{"start":{"line":12,"column":15},"end":{"line":12,"column":57}},"type":"cond-expr","locations":[{"start":{"line":12,"column":22},"end":{"line":12,"column":46}},{"start":{"line":12,"column":49},"end":{"line":12,"column":57}}],"line":12},"1":{"loc":{"start":{"line":26,"column":9},"end":{"line":26,"column":75}},"type":"cond-expr","locations":[{"start":{"line":26,"column":24},"end":{"line":26,"column":50}},{"start":{"line":26,"column":53},"end":{"line":26,"column":75}}],"line":26},"2":{"loc":{"start":{"line":30,"column":2},"end":{"line":35,"column":3}},"type":"if","locations":[{"start":{"line":30,"column":2},"end":{"line":35,"column":3}},{"start":{"line":30,"column":2},"end":{"line":35,"column":3}}],"line":30},"3":{"loc":{"start":{"line":39,"column":2},"end":{"line":44,"column":3}},"type":"if","locations":[{"start":{"line":39,"column":2},"end":{"line":44,"column":3}},{"start":{"line":39,"column":2},"end":{"line":44,"column":3}}],"line":39},"4":{"loc":{"start":{"line":48,"column":2},"end":{"line":55,"column":3}},"type":"if","locations":[{"start":{"line":48,"column":2},"end":{"line":55,"column":3}},{"start":{"line":48,"column":2},"end":{"line":55,"column":3}}],"line":48},"5":{"loc":{"start":{"line":59,"column":17},"end":{"line":59,"column":56}},"type":"cond-expr","locations":[{"start":{"line":59,"column":37},"end":{"line":59,"column":50}},{"start":{"line":59,"column":53},"end":{"line":59,"column":56}}],"line":59},"6":{"loc":{"start":{"line":60,"column":2},"end":{"line":60,"column":49}},"type":"if","locations":[{"start":{"line":60,"column":2},"end":{"line":60,"column":49}},{"start":{"line":60,"column":2},"end":{"line":60,"column":49}}],"line":60},"7":{"loc":{"start":{"line":64,"column":16},"end":{"line":64,"column":54}},"type":"cond-expr","locations":[{"start":{"line":64,"column":36},"end":{"line":64,"column":48}},{"start":{"line":64,"column":51},"end":{"line":64,"column":54}}],"line":64},"8":{"loc":{"start":{"line":68,"column":14},"end":{"line":68,"column":86}},"type":"binary-expr","locations":[{"start":{"line":68,"column":14},"end":{"line":68,"column":17}},{"start":{"line":68,"column":22},"end":{"line":68,"column":85}}],"line":68},"9":{"loc":{"start":{"line":68,"column":22},"end":{"line":68,"column":85}},"type":"cond-expr","locations":[{"start":{"line":68,"column":53},"end":{"line":68,"column":77}},{"start":{"line":68,"column":80},"end":{"line":68,"column":85}}],"line":68},"10":{"loc":{"start":{"line":69,"column":2},"end":{"line":86,"column":3}},"type":"if","locations":[{"start":{"line":69,"column":2},"end":{"line":86,"column":3}},{"start":{"line":69,"column":2},"end":{"line":86,"column":3}}],"line":69},"11":{"loc":{"start":{"line":70,"column":4},"end":{"line":85,"column":5}},"type":"if","locations":[{"start":{"line":70,"column":4},"end":{"line":85,"column":5}},{"start":{"line":70,"column":4},"end":{"line":85,"column":5}}],"line":70},"12":{"loc":{"start":{"line":72,"column":6},"end":{"line":81,"column":7}},"type":"if","locations":[{"start":{"line":72,"column":6},"end":{"line":81,"column":7}},{"start":{"line":72,"column":6},"end":{"line":81,"column":7}}],"line":72},"13":{"loc":{"start":{"line":93,"column":2},"end":{"line":96,"column":3}},"type":"if","locations":[{"start":{"line":93,"column":2},"end":{"line":96,"column":3}},{"start":{"line":93,"column":2},"end":{"line":96,"column":3}}],"line":93},"14":{"loc":{"start":{"line":94,"column":4},"end":{"line":95,"column":34}},"type":"if","locations":[{"start":{"line":94,"column":4},"end":{"line":95,"column":34}},{"start":{"line":94,"column":4},"end":{"line":95,"column":34}}],"line":94},"15":{"loc":{"start":{"line":98,"column":2},"end":{"line":98,"column":65}},"type":"if","locations":[{"start":{"line":98,"column":2},"end":{"line":98,"column":65}},{"start":{"line":98,"column":2},"end":{"line":98,"column":65}}],"line":98},"16":{"loc":{"start":{"line":103,"column":2},"end":{"line":103,"column":41}},"type":"if","locations":[{"start":{"line":103,"column":2},"end":{"line":103,"column":41}},{"start":{"line":103,"column":2},"end":{"line":103,"column":41}}],"line":103}},"s":{"0":3,"1":3,"2":28,"3":28,"4":28,"5":28,"6":28,"7":28,"8":28,"9":28,"10":3,"11":13,"12":3,"13":14,"14":3,"15":11,"16":11,"17":3,"18":14,"19":6,"20":8,"21":8,"22":3,"23":9,"24":4,"25":5,"26":26,"27":5,"28":26,"29":5,"30":26,"31":5,"32":3,"33":3,"34":3,"35":2,"36":3,"37":0,"38":3,"39":12,"40":12,"41":2,"42":0,"43":0,"44":0,"45":0,"46":0,"47":2,"48":10,"49":3,"50":0,"51":0,"52":0,"53":0,"54":0,"55":0,"56":0,"57":0,"58":3,"59":0,"60":0,"61":0,"62":0,"63":3},"f":{"0":28,"1":13,"2":14,"3":14,"4":9,"5":26,"6":26,"7":26,"8":3,"9":0,"10":12,"11":0,"12":0},"b":{"0":[10,18],"1":[2,11],"2":[3,11],"3":[6,8],"4":[4,5],"5":[3,0],"6":[2,1],"7":[0,0],"8":[12,11],"9":[1,10],"10":[2,10],"11":[0,2],"12":[0,0],"13":[0,0],"14":[0,0],"15":[0,0],"16":[0,0]},"_coverageSchema":"43e27e138ebf9cfc5966b082cf9a028302ed4184","hash":"0ec5852ee0702da409a832dc0cac0788d0f82f88"}
,"/Users/ajayg/Projects/playlist/util.js": {"path":"/Users/ajayg/Projects/playlist/util.js","statementMap":{"0":{"start":{"line":2,"column":0},"end":{"line":11,"column":2}},"1":{"start":{"line":3,"column":18},"end":{"line":3,"column":29}},"2":{"start":{"line":4,"column":2},"end":{"line":9,"column":3}},"3":{"start":{"line":4,"column":15},"end":{"line":4,"column":33}},"4":{"start":{"line":5,"column":18},"end":{"line":5,"column":66}},"5":{"start":{"line":6,"column":17},"end":{"line":6,"column":31}},"6":{"start":{"line":7,"column":4},"end":{"line":7,"column":32}},"7":{"start":{"line":8,"column":4},"end":{"line":8,"column":22}},"8":{"start":{"line":10,"column":2},"end":{"line":10,"column":17}},"9":{"start":{"line":13,"column":0},"end":{"line":18,"column":2}},"10":{"start":{"line":14,"column":15},"end":{"line":14,"column":17}},"11":{"start":{"line":15,"column":18},"end":{"line":15,"column":42}},"12":{"start":{"line":16,"column":2},"end":{"line":16,"column":55}},"13":{"start":{"line":16,"column":15},"end":{"line":16,"column":16}},"14":{"start":{"line":16,"column":36},"end":{"line":16,"column":55}},"15":{"start":{"line":17,"column":2},"end":{"line":17,"column":14}},"16":{"start":{"line":20,"column":21},"end":{"line":34,"column":1}},"17":{"start":{"line":21,"column":2},"end":{"line":33,"column":3}},"18":{"start":{"line":22,"column":4},"end":{"line":30,"column":5}},"19":{"start":{"line":23,"column":6},"end":{"line":23,"column":37}},"20":{"start":{"line":24,"column":11},"end":{"line":30,"column":5}},"21":{"start":{"line":25,"column":6},"end":{"line":25,"column":27}},"22":{"start":{"line":27,"column":21},"end":{"line":27,"column":23}},"23":{"start":{"line":28,"column":6},"end":{"line":28,"column":80}},"24":{"start":{"line":28,"column":40},"end":{"line":28,"column":78}},"25":{"start":{"line":29,"column":6},"end":{"line":29,"column":20}},"26":{"start":{"line":32,"column":4},"end":{"line":32,"column":17}},"27":{"start":{"line":35,"column":14},"end":{"line":44,"column":1}},"28":{"start":{"line":36,"column":2},"end":{"line":36,"column":58}},"29":{"start":{"line":36,"column":32},"end":{"line":36,"column":58}},"30":{"start":{"line":38,"column":20},"end":{"line":38,"column":36}},"31":{"start":{"line":39,"column":18},"end":{"line":39,"column":20}},"32":{"start":{"line":40,"column":2},"end":{"line":42,"column":3}},"33":{"start":{"line":40,"column":15},"end":{"line":40,"column":16}},"34":{"start":{"line":41,"column":4},"end":{"line":41,"column":40}},"35":{"start":{"line":43,"column":2},"end":{"line":43,"column":17}},"36":{"start":{"line":45,"column":0},"end":{"line":45,"column":29}}},"fnMap":{"0":{"name":"(anonymous_0)","decl":{"start":{"line":2,"column":27},"end":{"line":2,"column":28}},"loc":{"start":{"line":2,"column":37},"end":{"line":11,"column":1}},"line":2},"1":{"name":"(anonymous_1)","decl":{"start":{"line":13,"column":29},"end":{"line":13,"column":30}},"loc":{"start":{"line":13,"column":39},"end":{"line":18,"column":1}},"line":13},"2":{"name":"(anonymous_2)","decl":{"start":{"line":20,"column":21},"end":{"line":20,"column":22}},"loc":{"start":{"line":20,"column":32},"end":{"line":34,"column":1}},"line":20},"3":{"name":"(anonymous_3)","decl":{"start":{"line":28,"column":33},"end":{"line":28,"column":34}},"loc":{"start":{"line":28,"column":40},"end":{"line":28,"column":78}},"line":28},"4":{"name":"(anonymous_4)","decl":{"start":{"line":35,"column":14},"end":{"line":35,"column":15}},"loc":{"start":{"line":35,"column":27},"end":{"line":44,"column":1}},"line":35}},"branchMap":{"0":{"loc":{"start":{"line":21,"column":2},"end":{"line":33,"column":3}},"type":"if","locations":[{"start":{"line":21,"column":2},"end":{"line":33,"column":3}},{"start":{"line":21,"column":2},"end":{"line":33,"column":3}}],"line":21},"1":{"loc":{"start":{"line":22,"column":4},"end":{"line":30,"column":5}},"type":"if","locations":[{"start":{"line":22,"column":4},"end":{"line":30,"column":5}},{"start":{"line":22,"column":4},"end":{"line":30,"column":5}}],"line":22},"2":{"loc":{"start":{"line":24,"column":11},"end":{"line":30,"column":5}},"type":"if","locations":[{"start":{"line":24,"column":11},"end":{"line":30,"column":5}},{"start":{"line":24,"column":11},"end":{"line":30,"column":5}}],"line":24},"3":{"loc":{"start":{"line":36,"column":2},"end":{"line":36,"column":58}},"type":"if","locations":[{"start":{"line":36,"column":2},"end":{"line":36,"column":58}},{"start":{"line":36,"column":2},"end":{"line":36,"column":58}}],"line":36},"4":{"loc":{"start":{"line":38,"column":20},"end":{"line":38,"column":36}},"type":"binary-expr","locations":[{"start":{"line":38,"column":20},"end":{"line":38,"column":21}},{"start":{"line":38,"column":25},"end":{"line":38,"column":36}}],"line":38}},"s":{"0":4,"1":5,"2":5,"3":5,"4":76,"5":76,"6":76,"7":76,"8":5,"9":4,"10":14,"11":14,"12":14,"13":14,"14":20,"15":14,"16":4,"17":562,"18":104,"19":1,"20":103,"21":1,"22":102,"23":102,"24":190,"25":102,"26":458,"27":4,"28":116,"29":3,"30":113,"31":113,"32":113,"33":113,"34":368,"35":113,"36":4},"f":{"0":5,"1":14,"2":562,"3":190,"4":116},"b":{"0":[104,458],"1":[1,103],"2":[1,102],"3":[3,113],"4":[113,111]},"_coverageSchema":"43e27e138ebf9cfc5966b082cf9a028302ed4184","hash":"362a6afb2f2ab9ddc4079da369ff7898196e824a"}
}
