TN:
SF:/Users/ajayg/Projects/playlist/index.js
FN:11,Playlist
FN:25,(anonymous_1)
FN:29,(anonymous_2)
FN:38,(anonymous_3)
FN:47,(anonymous_4)
FN:51,(anonymous_5)
FN:52,(anonymous_6)
FN:53,(anonymous_7)
FN:58,(anonymous_8)
FN:63,(anonymous_9)
FN:67,(anonymous_10)
FN:92,(anonymous_11)
FN:102,(anonymous_12)
FNF:13
FNH:10
FNDA:28,Playlist
FNDA:13,(anonymous_1)
FNDA:14,(anonymous_2)
FNDA:14,(anonymous_3)
FNDA:9,(anonymous_4)
FNDA:26,(anonymous_5)
FNDA:26,(anonymous_6)
FNDA:26,(anonymous_7)
FNDA:3,(anonymous_8)
FNDA:0,(anonymous_9)
FNDA:12,(anonymous_10)
FNDA:0,(anonymous_11)
FNDA:0,(anonymous_12)
DA:1,3
DA:3,3
DA:12,28
DA:13,28
DA:15,28
DA:16,28
DA:17,28
DA:18,28
DA:20,28
DA:21,28
DA:25,3
DA:26,13
DA:29,3
DA:30,14
DA:31,3
DA:33,11
DA:34,11
DA:38,3
DA:39,14
DA:40,6
DA:42,8
DA:43,8
DA:47,3
DA:48,9
DA:49,4
DA:51,26
DA:52,26
DA:53,26
DA:54,5
DA:58,3
DA:59,3
DA:60,3
DA:63,3
DA:64,0
DA:67,3
DA:68,12
DA:69,12
DA:70,2
DA:72,0
DA:74,0
DA:75,0
DA:77,0
DA:80,0
DA:84,2
DA:89,10
DA:92,3
DA:93,0
DA:94,0
DA:95,0
DA:97,0
DA:98,0
DA:99,0
DA:102,3
DA:103,0
DA:104,0
DA:105,0
DA:108,3
LF:57
LH:42
BRDA:12,0,0,10
BRDA:12,0,1,18
BRDA:26,1,0,2
BRDA:26,1,1,11
BRDA:30,2,0,3
BRDA:30,2,1,11
BRDA:39,3,0,6
BRDA:39,3,1,8
BRDA:48,4,0,4
BRDA:48,4,1,5
BRDA:59,5,0,3
BRDA:59,5,1,0
BRDA:60,6,0,2
BRDA:60,6,1,1
BRDA:64,7,0,0
BRDA:64,7,1,0
BRDA:68,8,0,12
BRDA:68,8,1,11
BRDA:68,9,0,1
BRDA:68,9,1,10
BRDA:69,10,0,2
BRDA:69,10,1,10
BRDA:70,11,0,0
BRDA:70,11,1,2
BRDA:72,12,0,0
BRDA:72,12,1,0
BRDA:93,13,0,0
BRDA:93,13,1,0
BRDA:94,14,0,0
BRDA:94,14,1,0
BRDA:98,15,0,0
BRDA:98,15,1,0
BRDA:103,16,0,0
BRDA:103,16,1,0
BRF:34
BRH:20
end_of_record
TN:
SF:/Users/ajayg/Projects/playlist/util.js
FN:2,(anonymous_0)
FN:13,(anonymous_1)
FN:20,(anonymous_2)
FN:28,(anonymous_3)
FN:35,(anonymous_4)
FNF:5
FNH:5
FNDA:5,(anonymous_0)
FNDA:14,(anonymous_1)
FNDA:562,(anonymous_2)
FNDA:190,(anonymous_3)
FNDA:116,(anonymous_4)
DA:2,4
DA:3,5
DA:4,5
DA:5,76
DA:6,76
DA:7,76
DA:8,76
DA:10,5
DA:13,4
DA:14,14
DA:15,14
DA:16,20
DA:17,14
DA:20,4
DA:21,562
DA:22,104
DA:23,1
DA:24,103
DA:25,1
DA:27,102
DA:28,190
DA:29,102
DA:32,458
DA:35,4
DA:36,116
DA:38,113
DA:39,113
DA:40,113
DA:41,368
DA:43,113
DA:45,4
LF:31
LH:31
BRDA:21,0,0,104
BRDA:21,0,1,458
BRDA:22,1,0,1
BRDA:22,1,1,103
BRDA:24,2,0,1
BRDA:24,2,1,102
BRDA:36,3,0,3
BRDA:36,3,1,113
BRDA:38,4,0,113
BRDA:38,4,1,111
BRF:10
BRH:10
end_of_record
